<?xml version="1.0" encoding="UTF-8"?>
<!-- Generated by org.testng.reporters.JUnitReportReporter -->
<testsuite hostname="Artis-MBP.fios-router.home" name="com.dasb.ValidateMainNavigationBar" tests="1" failures="0" timestamp="19 Sep 2020 11:47:59 GMT" time="0.121" errors="0">
  <testcase name="validateMainNavBar" time="0.121" classname="com.dasb.ValidateMainNavigationBar"/>
</testsuite> <!-- com.dasb.ValidateMainNavigationBar -->
