<?xml version="1.0" encoding="UTF-8"?>
<!-- Generated by org.testng.reporters.JUnitReportReporter -->
<testsuite hostname="Artis-MBP.fios-router.home" name="com.dasb.ValidateMainNavigationBar" tests="1" failures="0" timestamp="19 Sep 2020 16:43:34 GMT" time="0.057" errors="0">
  <testcase name="validateMainNavBar" time="0.057" classname="com.dasb.ValidateMainNavigationBar"/>
</testsuite> <!-- com.dasb.ValidateMainNavigationBar -->
