<?xml version="1.0" encoding="UTF-8"?>
<!-- Generated by org.testng.reporters.JUnitReportReporter -->
<testsuite hostname="Artis-MBP.fios-router.home" name="com.dasb.HomePageTest" tests="2" failures="0" timestamp="16 Sep 2020 19:28:55 GMT" time="7.850" errors="0">
  <testcase name="goToHomepage" time="5.201" classname="com.dasb.HomePageTest"/>
  <testcase name="goToHomepage" time="2.649" classname="com.dasb.HomePageTest"/>
</testsuite> <!-- com.dasb.HomePageTest -->
