<?xml version="1.0" encoding="UTF-8"?>
<!-- Generated by org.testng.reporters.JUnitReportReporter -->
<testsuite hostname="Artis-MBP.fios-router.home" name="com.dasb.HomePageTest" tests="2" failures="0" timestamp="18 Sep 2020 17:36:11 GMT" time="6.814" errors="0">
  <testcase name="goToHomepage" time="4.902" classname="com.dasb.HomePageTest"/>
  <testcase name="goToHomepage" time="1.912" classname="com.dasb.HomePageTest"/>
</testsuite> <!-- com.dasb.HomePageTest -->
