<?xml version="1.0" encoding="UTF-8"?>
<!-- Generated by org.testng.reporters.JUnitReportReporter -->
<testsuite hostname="Artis-MBP.fios-router.home" name="com.dasb.HomePageTest" tests="2" failures="0" timestamp="19 Sep 2020 11:47:59 GMT" time="9.940" errors="0">
  <testcase name="goToHomepage" time="2.093" classname="com.dasb.HomePageTest"/>
  <testcase name="goToHomepage" time="7.847" classname="com.dasb.HomePageTest"/>
</testsuite> <!-- com.dasb.HomePageTest -->
