<?xml version="1.0" encoding="UTF-8"?>
<!-- Generated by org.testng.reporters.JUnitReportReporter -->
<testsuite hostname="Artis-MBP.fios-router.home" name="com.dasb.HomePageTest" tests="2" failures="0" timestamp="19 Sep 2020 16:43:34 GMT" time="8.594" errors="0">
  <testcase name="goToHomepage" time="1.873" classname="com.dasb.HomePageTest"/>
  <testcase name="goToHomepage" time="6.721" classname="com.dasb.HomePageTest"/>
</testsuite> <!-- com.dasb.HomePageTest -->
